This is pdfTeX, Version 3.14159265-2.6-1.40.19 (TeX Live 2018/Arch Linux) (preloaded format=pdflatex 2019.4.22)  24 APR 2019 13:04
entering extended mode
 restricted \write18 enabled.
 %&-line parsing enabled.
**thesis.tex
(./thesis.tex
LaTeX2e <2018-12-01>
(/usr/share/texmf-dist/tex/latex/base/report.cls
Document Class: report 2018/09/03 v1.4i Standard LaTeX document class
(/usr/share/texmf-dist/tex/latex/base/size10.clo
File: size10.clo 2018/09/03 v1.4i Standard LaTeX file (size option)
)
\c@part=\count80
\c@chapter=\count81
\c@section=\count82
\c@subsection=\count83
\c@subsubsection=\count84
\c@paragraph=\count85
\c@subparagraph=\count86
\c@figure=\count87
\c@table=\count88
\abovecaptionskip=\skip41
\belowcaptionskip=\skip42
\bibindent=\dimen102
)
(/usr/share/texmf-dist/tex/latex/geometry/geometry.sty
Package: geometry 2018/04/16 v5.8 Page Geometry

(/usr/share/texmf-dist/tex/latex/graphics/keyval.sty
Package: keyval 2014/10/28 v1.15 key=value parser (DPC)
\KV@toks@=\toks14
)
(/usr/share/texmf-dist/tex/generic/oberdiek/ifpdf.sty
Package: ifpdf 2018/09/07 v3.3 Provides the ifpdf switch
)
(/usr/share/texmf-dist/tex/generic/oberdiek/ifvtex.sty
Package: ifvtex 2016/05/16 v1.6 Detect VTeX and its facilities (HO)
Package ifvtex Info: VTeX not detected.
)
(/usr/share/texmf-dist/tex/generic/ifxetex/ifxetex.sty
Package: ifxetex 2010/09/12 v0.6 Provides ifxetex conditional
)
\Gm@cnth=\count89
\Gm@cntv=\count90
\c@Gm@tempcnt=\count91
\Gm@bindingoffset=\dimen103
\Gm@wd@mp=\dimen104
\Gm@odd@mp=\dimen105
\Gm@even@mp=\dimen106
\Gm@layoutwidth=\dimen107
\Gm@layoutheight=\dimen108
\Gm@layouthoffset=\dimen109
\Gm@layoutvoffset=\dimen110
\Gm@dimlist=\toks15
)
(/usr/share/texmf-dist/tex/latex/setspace/setspace.sty
Package: setspace 2011/12/19 v6.7a set line spacing
)
(/usr/share/texmf-dist/tex/latex/graphics/graphicx.sty
Package: graphicx 2017/06/01 v1.1a Enhanced LaTeX Graphics (DPC,SPQR)

(/usr/share/texmf-dist/tex/latex/graphics/graphics.sty
Package: graphics 2017/06/25 v1.2c Standard LaTeX Graphics (DPC,SPQR)

(/usr/share/texmf-dist/tex/latex/graphics/trig.sty
Package: trig 2016/01/03 v1.10 sin cos tan (DPC)
)
(/usr/share/texmf-dist/tex/latex/graphics-cfg/graphics.cfg
File: graphics.cfg 2016/06/04 v1.11 sample graphics configuration
)
Package graphics Info: Driver file: pdftex.def on input line 99.

(/usr/share/texmf-dist/tex/latex/graphics-def/pdftex.def
File: pdftex.def 2018/01/08 v1.0l Graphics/color driver for pdftex
))
\Gin@req@height=\dimen111
\Gin@req@width=\dimen112
)
(/usr/share/texmf-dist/tex/latex/wrapfig/wrapfig.sty
\wrapoverhang=\dimen113
\WF@size=\dimen114
\c@WF@wrappedlines=\count92
\WF@box=\box27
\WF@everypar=\toks16
Package: wrapfig 2003/01/31  v 3.6
)
(/usr/share/texmf-dist/tex/latex/fancyhdr/fancyhdr.sty
Package: fancyhdr 2019/01/31 v3.10 Extensive control of page headers and footer
s
\f@nch@headwidth=\skip43
\f@nch@O@elh=\skip44
\f@nch@O@erh=\skip45
\f@nch@O@olh=\skip46
\f@nch@O@orh=\skip47
\f@nch@O@elf=\skip48
\f@nch@O@erf=\skip49
\f@nch@O@olf=\skip50
\f@nch@O@orf=\skip51
) (./thesis.aux)
\openout1 = `thesis.aux'.

LaTeX Font Info:    Checking defaults for OML/cmm/m/it on input line 11.
LaTeX Font Info:    ... okay on input line 11.
LaTeX Font Info:    Checking defaults for T1/cmr/m/n on input line 11.
LaTeX Font Info:    ... okay on input line 11.
LaTeX Font Info:    Checking defaults for OT1/cmr/m/n on input line 11.
LaTeX Font Info:    ... okay on input line 11.
LaTeX Font Info:    Checking defaults for OMS/cmsy/m/n on input line 11.
LaTeX Font Info:    ... okay on input line 11.
LaTeX Font Info:    Checking defaults for OMX/cmex/m/n on input line 11.
LaTeX Font Info:    ... okay on input line 11.
LaTeX Font Info:    Checking defaults for U/cmr/m/n on input line 11.
LaTeX Font Info:    ... okay on input line 11.

*geometry* driver: auto-detecting
*geometry* detected driver: pdftex
*geometry* verbose mode - [ preamble ] result:
* driver: pdftex
* paper: <default>
* layout: <same size as paper>
* layoutoffset:(h,v)=(0.0pt,0.0pt)
* modes: 
* h-part:(L,W,R)=(93.75183pt, 426.79134pt, 93.75183pt)
* v-part:(T,H,B)=(71.13188pt, 652.70622pt, 71.13188pt)
* \paperwidth=614.295pt
* \paperheight=794.96999pt
* \textwidth=426.79134pt
* \textheight=652.70622pt
* \oddsidemargin=21.48184pt
* \evensidemargin=21.48184pt
* \topmargin=-38.1381pt
* \headheight=12.0pt
* \headsep=25.0pt
* \topskip=10.0pt
* \footskip=30.0pt
* \marginparwidth=65.0pt
* \marginparsep=11.0pt
* \columnsep=10.0pt
* \skip\footins=9.0pt plus 4.0pt minus 2.0pt
* \hoffset=0.0pt
* \voffset=0.0pt
* \mag=1000
* \@twocolumnfalse
* \@twosidefalse
* \@mparswitchfalse
* \@reversemarginfalse
* (1in=72.27pt=25.4mm, 1cm=28.453pt)

(/usr/share/texmf-dist/tex/context/base/mkii/supp-pdf.mkii
[Loading MPS to PDF converter (version 2006.09.02).]
\scratchcounter=\count93
\scratchdimen=\dimen115
\scratchbox=\box28
\nofMPsegments=\count94
\nofMParguments=\count95
\everyMPshowfont=\toks17
\MPscratchCnt=\count96
\MPscratchDim=\dimen116
\MPnumerator=\count97
\makeMPintoPDFobject=\count98
\everyMPtoPDFconversion=\toks18
) (/usr/share/texmf-dist/tex/latex/oberdiek/epstopdf-base.sty
Package: epstopdf-base 2016/05/15 v2.6 Base part for package epstopdf

(/usr/share/texmf-dist/tex/generic/oberdiek/infwarerr.sty
Package: infwarerr 2016/05/16 v1.4 Providing info/warning/error messages (HO)
)
(/usr/share/texmf-dist/tex/latex/oberdiek/grfext.sty
Package: grfext 2016/05/16 v1.2 Manage graphics extensions (HO)

(/usr/share/texmf-dist/tex/generic/oberdiek/kvdefinekeys.sty
Package: kvdefinekeys 2016/05/16 v1.4 Define keys (HO)

(/usr/share/texmf-dist/tex/generic/oberdiek/ltxcmds.sty
Package: ltxcmds 2016/05/16 v1.23 LaTeX kernel commands for general use (HO)
)))
(/usr/share/texmf-dist/tex/latex/oberdiek/kvoptions.sty
Package: kvoptions 2016/05/16 v3.12 Key value format for package options (HO)

(/usr/share/texmf-dist/tex/generic/oberdiek/kvsetkeys.sty
Package: kvsetkeys 2016/05/16 v1.17 Key value parser (HO)

(/usr/share/texmf-dist/tex/generic/oberdiek/etexcmds.sty
Package: etexcmds 2016/05/16 v1.6 Avoid name clashes with e-TeX commands (HO)

(/usr/share/texmf-dist/tex/generic/oberdiek/ifluatex.sty
Package: ifluatex 2016/05/16 v1.4 Provides the ifluatex switch (HO)
Package ifluatex Info: LuaTeX not detected.
)
Package etexcmds Info: Could not find \expanded.
(etexcmds)             That can mean that you are not using pdfTeX 1.50 or
(etexcmds)             that some package has redefined \expanded.
(etexcmds)             In the latter case, load this package earlier.
)))
(/usr/share/texmf-dist/tex/generic/oberdiek/pdftexcmds.sty
Package: pdftexcmds 2018/09/10 v0.29 Utility functions of pdfTeX for LuaTeX (HO
)
Package pdftexcmds Info: LuaTeX not detected.
Package pdftexcmds Info: \pdf@primitive is available.
Package pdftexcmds Info: \pdf@ifprimitive is available.
Package pdftexcmds Info: \pdfdraftmode found.
)
Package epstopdf-base Info: Redefining graphics rule for `.eps' on input line 4
38.
Package grfext Info: Graphics extension search list:
(grfext)             [.pdf,.png,.jpg,.mps,.jpeg,.jbig2,.jb2,.PDF,.PNG,.JPG,.JPE
G,.JBIG2,.JB2,.eps]
(grfext)             \AppendGraphicsExtensions on input line 456.

(/usr/share/texmf-dist/tex/latex/latexconfig/epstopdf-sys.cfg
File: epstopdf-sys.cfg 2010/07/13 v1.3 Configuration of (r)epstopdf for TeX Liv
e
)) [1

{/var/lib/texmf/fonts/map/pdftex/updmap/pdftex.map}] [1

] (./thesis.toc
LaTeX Font Info:    External font `cmex10' loaded for size
(Font)              <7> on input line 3.
LaTeX Font Info:    External font `cmex10' loaded for size
(Font)              <5> on input line 3.
)
\tf@toc=\write3
\openout3 = `thesis.toc'.

 [2

]
Chapter 1.
[3

]
Chapter 2.

! Package inputenc Error: Unicode character ′ (U+2032)
(inputenc)                not set up for use with LaTeX.

See the inputenc package documentation for explanation.
Type  H <return>  for immediate help.
 ...                                              
                                                  
l.51 ... an electron transport material and N,N′
                                                  -Di(1-naphthyl)-N,N′-dip...

You may provide a definition with
\DeclareUnicodeCharacter 


! Package inputenc Error: Unicode character ′ (U+2032)
(inputenc)                not set up for use with LaTeX.

See the inputenc package documentation for explanation.
Type  H <return>  for immediate help.
 ...                                              
                                                  
l.51 ... material and N,N′-Di(1-naphthyl)-N,N′
                                                  -diphenyl-(1,1′-biphenyl...

You may provide a definition with
\DeclareUnicodeCharacter 


! Package inputenc Error: Unicode character ′ (U+2032)
(inputenc)                not set up for use with LaTeX.

See the inputenc package documentation for explanation.
Type  H <return>  for immediate help.
 ...                                              
                                                  
l.51 ...′-Di(1-naphthyl)-N,N′-diphenyl-(1,1′
                                                  -biphenyl)-4,4′-diamine ...

You may provide a definition with
\DeclareUnicodeCharacter 


! Package inputenc Error: Unicode character ′ (U+2032)
(inputenc)                not set up for use with LaTeX.

See the inputenc package documentation for explanation.
Type  H <return>  for immediate help.
 ...                                              
                                                  
l.51 ...)-N,N′-diphenyl-(1,1′-biphenyl)-4,4′
                                                  -diamine (NPB) as a hole t...

You may provide a definition with
\DeclareUnicodeCharacter 

<images/schematic.png, id=20, 394.23285pt x 603.81586pt>
File: images/schematic.png Graphic file (type png)
<use images/schematic.png>
Package pdftex.def Info: images/schematic.png  used on input line 56.
(pdftex.def)             Requested size: 192.0548pt x 294.15866pt.
[4

] [5 <./images/schematic.png>]
Chapter 3.
<images/n1_peak_emission.png, id=34, 174.8934pt x 179.9523pt>
File: images/n1_peak_emission.png Graphic file (type png)
<use images/n1_peak_emission.png>
Package pdftex.def Info: images/n1_peak_emission.png  used on input line 83.
(pdftex.def)             Requested size: 170.71393pt x 175.65184pt.
[6

 <./images/n1_peak_emission.png>]
<images/n1_quality_factor.png, id=40, 180.675pt x 177.0615pt>
File: images/n1_quality_factor.png Graphic file (type png)
<use images/n1_quality_factor.png>
Package pdftex.def Info: images/n1_quality_factor.png  used on input line 94.
(pdftex.def)             Requested size: 170.71393pt x 167.29965pt.
 [7 <./images/n1_quality_factor.png>]
<images/n1_ag_top_heatmap.png, id=45, 481.8pt x 481.8pt>
File: images/n1_ag_top_heatmap.png Graphic file (type png)
<use images/n1_ag_top_heatmap.png>
Package pdftex.def Info: images/n1_ag_top_heatmap.png  used on input line 105.
(pdftex.def)             Requested size: 192.0548pt x 192.05493pt.
<images/n1_al_top_heatmap.png, id=46, 481.8pt x 481.8pt>
File: images/n1_al_top_heatmap.png Graphic file (type png)
<use images/n1_al_top_heatmap.png>
Package pdftex.def Info: images/n1_al_top_heatmap.png  used on input line 106.
(pdftex.def)             Requested size: 192.0548pt x 192.05493pt.
<images/n2_heatmap.png, id=47, 361.35pt x 361.35pt>
File: images/n2_heatmap.png Graphic file (type png)
<use images/n2_heatmap.png>
Package pdftex.def Info: images/n2_heatmap.png  used on input line 116.
(pdftex.def)             Requested size: 192.0548pt x 192.05493pt.
<images/n3_heatmap.png, id=48, 481.8pt x 481.8pt>
File: images/n3_heatmap.png Graphic file (type png)
<use images/n3_heatmap.png>
Package pdftex.def Info: images/n3_heatmap.png  used on input line 117.
(pdftex.def)             Requested size: 192.0548pt x 192.05493pt.
<images/n4_heatmap.png, id=49, 481.8pt x 481.8pt>
File: images/n4_heatmap.png Graphic file (type png)
<use images/n4_heatmap.png>
Package pdftex.def Info: images/n4_heatmap.png  used on input line 119.
(pdftex.def)             Requested size: 192.0548pt x 192.05493pt.
<images/n5_heatmap.png, id=50, 481.8pt x 481.8pt>
File: images/n5_heatmap.png Graphic file (type png)
<use images/n5_heatmap.png>
Package pdftex.def Info: images/n5_heatmap.png  used on input line 120.
(pdftex.def)             Requested size: 192.0548pt x 192.05493pt.

[8 <./images/n1_ag_top_heatmap.png (PNG copy)> <./images/n1_al_top_heatmap.png 
(PNG copy)>] [9 <./images/n2_heatmap.png (PNG copy)> <./images/n3_heatmap.png (
PNG copy)> <./images/n4_heatmap.png (PNG copy)> <./images/n5_heatmap.png (PNG c
opy)>]
<images/n2_fe.png, id=57, 361.35pt x 216.81pt>
File: images/n2_fe.png Graphic file (type png)
<use images/n2_fe.png>
Package pdftex.def Info: images/n2_fe.png  used on input line 132.
(pdftex.def)             Requested size: 192.0548pt x 115.23296pt.
<images/n3_fe.png, id=58, 481.8pt x 289.08pt>
File: images/n3_fe.png Graphic file (type png)
<use images/n3_fe.png>
Package pdftex.def Info: images/n3_fe.png  used on input line 133.
(pdftex.def)             Requested size: 192.0548pt x 115.23296pt.
<images/n4_fe.png, id=59, 481.8pt x 289.08pt>
File: images/n4_fe.png Graphic file (type png)
<use images/n4_fe.png>
Package pdftex.def Info: images/n4_fe.png  used on input line 135.
(pdftex.def)             Requested size: 192.0548pt x 115.23296pt.
<images/n5_fe.png, id=60, 481.8pt x 289.08pt>
File: images/n5_fe.png Graphic file (type png)
<use images/n5_fe.png>
Package pdftex.def Info: images/n5_fe.png  used on input line 136.
(pdftex.def)             Requested size: 192.0548pt x 115.23296pt.
 [10 <./images/n2_fe.png (PNG copy)> <./images/n3_fe.png (PNG copy)> <./images/
n4_fe.png (PNG copy)> <./images/n5_fe.png (PNG copy)>] [11]
Chapter 4.
[12

]
Appendix A.
[13

] (./thesis.aux) ) 
Here is how much of TeX's memory you used:
 2231 strings out of 492616
 31817 string characters out of 6135177
 104236 words of memory out of 5000000
 6118 multiletter control sequences out of 15000+600000
 7022 words of font info for 25 fonts, out of 8000000 for 9000
 1141 hyphenation exceptions out of 8191
 41i,10n,43p,1273b,222s stack positions out of 5000i,500n,10000p,200000b,80000s
</usr/share/texmf-dist/fonts/type1/public/amsfonts/cm/cmbx10.
pfb></usr/share/texmf-dist/fonts/type1/public/amsfonts/cm/cmbx12.pfb></usr/shar
e/texmf-dist/fonts/type1/public/amsfonts/cm/cmmi10.pfb></usr/share/texmf-dist/f
onts/type1/public/amsfonts/cm/cmmi7.pfb></usr/share/texmf-dist/fonts/type1/publ
ic/amsfonts/cm/cmr10.pfb></usr/share/texmf-dist/fonts/type1/public/amsfonts/cm/
cmr12.pfb></usr/share/texmf-dist/fonts/type1/public/amsfonts/cm/cmr17.pfb></usr
/share/texmf-dist/fonts/type1/public/amsfonts/cm/cmr7.pfb></usr/share/texmf-dis
t/fonts/type1/public/amsfonts/cm/cmsl10.pfb></usr/share/texmf-dist/fonts/type1/
public/amsfonts/cm/cmsy7.pfb>
Output written on thesis.pdf (14 pages, 849826 bytes).
PDF statistics:
 107 PDF objects out of 1000 (max. 8388607)
 64 compressed objects within 1 object stream
 0 named destinations out of 1000 (max. 500000)
 66 words of extra memory for PDF output out of 10000 (max. 10000000)

